<?xml version="1.0" encoding="UTF-8"?>
<!-- Generated by org.testng.reporters.JUnitReportReporter -->
<testsuite skipped="0" hostname="cpe-172-100-108-229.twcny.res.rr.com" name="testSuites.TestWithPOM2" tests="1" failures="0" timestamp="19 四月 2018 08:29:04 GMT" time="0.449" errors="0">
  <testcase name="testLogin" time="0.449" classname="testSuites.TestWithPOM2"/>
</testsuite> <!-- testSuites.TestWithPOM2 -->
