<?xml version="1.0" encoding="UTF-8"?>
<!-- Generated by org.testng.reporters.JUnitReportReporter -->
<testsuite skipped="0" hostname="cpe-172-100-108-229.twcny.res.rr.com" name="testSuites.TestWithPOM2$AssertTest" tests="1" failures="0" timestamp="26 四月 2018 07:00:40 GMT" time="2.586" errors="0">
  <testcase name="testLogin" time="2.586" classname="testSuites.TestWithPOM2$AssertTest"/>
</testsuite> <!-- testSuites.TestWithPOM2$AssertTest -->
